Error: Cannot find module '../../engine/connector/IExchangeConnector'
Require stack:
- /app/powertrader-ts/backend/src/exchanges/RobinhoodConnector.js
- /app/powertrader-ts/backend/src/index.ts
    at Function.<anonymous> (node:internal/modules/cjs/loader:1383:15)
    at Function.Module._resolveFilename.sharedData.moduleResolveFilenameHook.installedValue [as _resolveFilename] (/home/jules/.npm/_npx/1bf7c3c15bf47d04/node_modules/@cspotcode/source-map-support/source-map-support.js:811:30)
    at defaultResolveImpl (node:internal/modules/cjs/loader:1025:19)
    at resolveForCJSWithHooks (node:internal/modules/cjs/loader:1030:22)
    at Function._load (node:internal/modules/cjs/loader:1192:37)
    at TracingChannel.traceSync (node:diagnostics_channel:328:14)
    at wrapModuleLoad (node:internal/modules/cjs/loader:237:24)
    at Module.require (node:internal/modules/cjs/loader:1463:12)
    at require (node:internal/modules/helpers:147:16)
    at Object.<anonymous> (/app/powertrader-ts/backend/src/exchanges/RobinhoodConnector.ts:1:1) {
  code: 'MODULE_NOT_FOUND',
  requireStack: [
    '/app/powertrader-ts/backend/src/exchanges/RobinhoodConnector.js',
    '/app/powertrader-ts/backend/src/index.ts'
  ]
}
